[debug] [2020-11-29T09:51:37.327Z] ----------------------------------------------------------------------
[debug] [2020-11-29T09:51:37.329Z] Command:       /home/yann/.nvm/versions/node/v12.14.1/bin/node /home/yann/.nvm/versions/node/v12.14.1/bin/firebase deploy
[debug] [2020-11-29T09:51:37.329Z] CLI Version:   8.16.2
[debug] [2020-11-29T09:51:37.329Z] Platform:      linux
[debug] [2020-11-29T09:51:37.329Z] Node Version:  v12.14.1
[debug] [2020-11-29T09:51:37.330Z] Time:          Sun Nov 29 2020 10:51:37 GMT+0100 (Central European Standard Time)
[debug] [2020-11-29T09:51:37.330Z] ----------------------------------------------------------------------
[debug] [2020-11-29T09:51:37.330Z] 
[debug] [2020-11-29T09:51:37.337Z] > command requires scopes: ["email","openid","https://www.googleapis.com/auth/cloudplatformprojects.readonly","https://www.googleapis.com/auth/firebase","https://www.googleapis.com/auth/cloud-platform"]
[debug] [2020-11-29T09:51:37.337Z] > authorizing via signed-in user
[debug] [2020-11-29T09:51:37.337Z] [iam] checking project ionic-react-investment-4cd86 for permissions ["cloudfunctions.functions.create","cloudfunctions.functions.delete","cloudfunctions.functions.get","cloudfunctions.functions.list","cloudfunctions.functions.update","cloudfunctions.operations.get","datastore.indexes.create","datastore.indexes.delete","datastore.indexes.list","datastore.indexes.update","firebase.projects.get","firebasehosting.sites.update","firebaserules.releases.create","firebaserules.releases.update","firebaserules.rulesets.create"]
[debug] [2020-11-29T09:51:37.340Z] > refreshing access token with scopes: ["email","https://www.googleapis.com/auth/cloud-platform","https://www.googleapis.com/auth/cloudplatformprojects.readonly","https://www.googleapis.com/auth/firebase","openid"]
[debug] [2020-11-29T09:51:37.340Z] >>> HTTP REQUEST POST https://www.googleapis.com/oauth2/v3/token  
 <request body omitted>
[debug] [2020-11-29T09:51:37.456Z] <<< HTTP RESPONSE 200 {"pragma":"no-cache","cache-control":"no-cache, no-store, max-age=0, must-revalidate","date":"Sun, 29 Nov 2020 09:51:37 GMT","expires":"Mon, 01 Jan 1990 00:00:00 GMT","content-type":"application/json; charset=utf-8","vary":"X-Origin, Referer, Origin,Accept-Encoding","server":"scaffolding on HTTPServer2","x-xss-protection":"0","x-frame-options":"SAMEORIGIN","x-content-type-options":"nosniff","alt-svc":"h3-29=\":443\"; ma=2592000,h3-T051=\":443\"; ma=2592000,h3-Q050=\":443\"; ma=2592000,h3-Q046=\":443\"; ma=2592000,h3-Q043=\":443\"; ma=2592000,quic=\":443\"; ma=2592000; v=\"46,43\"","accept-ranges":"none","transfer-encoding":"chunked"}
[debug] [2020-11-29T09:51:37.477Z] >>> HTTP REQUEST POST https://cloudresourcemanager.googleapis.com/v1/projects/ionic-react-investment-4cd86:testIamPermissions  
 {"permissions":["cloudfunctions.functions.create","cloudfunctions.functions.delete","cloudfunctions.functions.get","cloudfunctions.functions.list","cloudfunctions.functions.update","cloudfunctions.operations.get","datastore.indexes.create","datastore.indexes.delete","datastore.indexes.list","datastore.indexes.update","firebase.projects.get","firebasehosting.sites.update","firebaserules.releases.create","firebaserules.releases.update","firebaserules.rulesets.create"]}
[debug] [2020-11-29T09:51:38.297Z] <<< HTTP RESPONSE 200 {"content-type":"application/json; charset=UTF-8","vary":"X-Origin, Referer, Origin,Accept-Encoding","date":"Sun, 29 Nov 2020 09:51:38 GMT","server":"ESF","cache-control":"private","x-xss-protection":"0","x-frame-options":"SAMEORIGIN","x-content-type-options":"nosniff","server-timing":"gfet4t7; dur=624","alt-svc":"h3-29=\":443\"; ma=2592000,h3-T051=\":443\"; ma=2592000,h3-Q050=\":443\"; ma=2592000,h3-Q046=\":443\"; ma=2592000,h3-Q043=\":443\"; ma=2592000,quic=\":443\"; ma=2592000; v=\"46,43\"","accept-ranges":"none","transfer-encoding":"chunked"}
[debug] [2020-11-29T09:51:38.300Z] >>> HTTP REQUEST POST https://iam.googleapis.com/v1/projects/ionic-react-investment-4cd86/serviceAccounts/ionic-react-investment-4cd86@appspot.gserviceaccount.com:testIamPermissions  
 {"permissions":["iam.serviceAccounts.actAs"]}
[debug] [2020-11-29T09:51:39.099Z] <<< HTTP RESPONSE 200 {"content-type":"application/json; charset=UTF-8","vary":"X-Origin, Referer, Origin,Accept-Encoding","date":"Sun, 29 Nov 2020 09:51:38 GMT","server":"ESF","cache-control":"private","x-xss-protection":"0","x-frame-options":"SAMEORIGIN","x-content-type-options":"nosniff","alt-svc":"h3-29=\":443\"; ma=2592000,h3-T051=\":443\"; ma=2592000,h3-Q050=\":443\"; ma=2592000,h3-Q046=\":443\"; ma=2592000,h3-Q043=\":443\"; ma=2592000,quic=\":443\"; ma=2592000; v=\"46,43\"","accept-ranges":"none","transfer-encoding":"chunked"}
[debug] [2020-11-29T09:51:39.100Z] >>> HTTP REQUEST GET https://firebase.googleapis.com/v1beta1/projects/ionic-react-investment-4cd86  
 
[debug] [2020-11-29T09:51:39.308Z] <<< HTTP RESPONSE 200 {"content-type":"application/json; charset=UTF-8","vary":"X-Origin, Referer, Origin,Accept-Encoding","date":"Sun, 29 Nov 2020 09:51:39 GMT","server":"ESF","cache-control":"private","x-xss-protection":"0","x-frame-options":"SAMEORIGIN","x-content-type-options":"nosniff","alt-svc":"h3-29=\":443\"; ma=2592000,h3-T051=\":443\"; ma=2592000,h3-Q050=\":443\"; ma=2592000,h3-Q046=\":443\"; ma=2592000,h3-Q043=\":443\"; ma=2592000,quic=\":443\"; ma=2592000; v=\"46,43\"","accept-ranges":"none","transfer-encoding":"chunked"}
[info] 
[info] === Deploying to 'ionic-react-investment-4cd86'...
[info] 
[info] i  deploying storage, firestore, functions, hosting 
[info] Running command: npm --prefix "$RESOURCE_DIR" run build
[info] ✔  functions: Finished running predeploy script. 
[debug] [2020-11-29T09:51:46.569Z] >>> HTTP REQUEST GET https://appengine.googleapis.com/v1/apps/ionic-react-investment-4cd86  
 
[debug] [2020-11-29T09:51:46.898Z] <<< HTTP RESPONSE 200 {"content-type":"application/json; charset=UTF-8","vary":"X-Origin, Referer, Origin,Accept-Encoding","date":"Sun, 29 Nov 2020 09:51:46 GMT","server":"ESF","cache-control":"private","x-xss-protection":"0","x-frame-options":"SAMEORIGIN","x-content-type-options":"nosniff","alt-svc":"h3-29=\":443\"; ma=2592000,h3-T051=\":443\"; ma=2592000,h3-Q050=\":443\"; ma=2592000,h3-Q046=\":443\"; ma=2592000,h3-Q043=\":443\"; ma=2592000,quic=\":443\"; ma=2592000; v=\"46,43\"","accept-ranges":"none","transfer-encoding":"chunked"}
[info] i  firebase.storage: checking storage.rules for compilation errors... 
[debug] [2020-11-29T09:51:46.946Z] >>> HTTP REQUEST POST https://firebaserules.googleapis.com/v1/projects/ionic-react-investment-4cd86:test  
 {"source":{"files":[{"name":"storage.rules","content":"rules_version = '2';\nservice firebase.storage {\n  match /b/{bucket}/o {\n    match /{allPaths=**} {\n      allow read, write: if request.auth!=null;\n    }\n  }\n}\n"}]}}
[debug] [2020-11-29T09:51:47.307Z] <<< HTTP RESPONSE 200 {"content-type":"application/json; charset=UTF-8","vary":"X-Origin, Referer, Origin,Accept-Encoding","date":"Sun, 29 Nov 2020 09:51:47 GMT","server":"ESF","cache-control":"private","x-xss-protection":"0","x-frame-options":"SAMEORIGIN","x-content-type-options":"nosniff","alt-svc":"h3-29=\":443\"; ma=2592000,h3-T051=\":443\"; ma=2592000,h3-Q050=\":443\"; ma=2592000,h3-Q046=\":443\"; ma=2592000,h3-Q043=\":443\"; ma=2592000,quic=\":443\"; ma=2592000; v=\"46,43\"","accept-ranges":"none","transfer-encoding":"chunked"}
[info] ✔  firebase.storage: rules file storage.rules compiled successfully 
[info] i  firestore: reading indexes from firestore.indexes.json... 
[info] i  cloud.firestore: checking firestore.rules for compilation errors... 
[debug] [2020-11-29T09:51:47.351Z] >>> HTTP REQUEST POST https://firebaserules.googleapis.com/v1/projects/ionic-react-investment-4cd86:test  
 {"source":{"files":[{"name":"firestore.rules","content":"rules_version = '2';\nservice cloud.firestore {\n  match /databases/{database}/documents {\n    match /Users/{UserId} {\n      allow read: if request.auth.uid != null;\n      allow create: if request.auth.uid == request.resource.data.uid;\n      allow update: if request.auth.uid == resource.data.uid \n      \t\t\t\t\t\t\t\t\t&& request.auth.uid == request.resource.data.uid;\n      allow delete: if false;\n      \n  \t}\n    match /Apartments/{ApartmentId} {\n      allow read: if request.auth.uid != null;\n      allow create: if request.auth.uid == request.resource.data.userId;\n      allow update: if request.auth.uid == resource.data.userId \n      \t\t\t\t\t\t\t\t\t&& request.auth.uid == request.resource.data.userId;\n      allow delete: if request.auth.uid == resource.data.userId;\n    }\n\t}\n}"}]}}
[debug] [2020-11-29T09:51:48.053Z] <<< HTTP RESPONSE 200 {"content-type":"application/json; charset=UTF-8","vary":"X-Origin, Referer, Origin,Accept-Encoding","date":"Sun, 29 Nov 2020 09:51:47 GMT","server":"ESF","cache-control":"private","x-xss-protection":"0","x-frame-options":"SAMEORIGIN","x-content-type-options":"nosniff","alt-svc":"h3-29=\":443\"; ma=2592000,h3-T051=\":443\"; ma=2592000,h3-Q050=\":443\"; ma=2592000,h3-Q046=\":443\"; ma=2592000,h3-Q043=\":443\"; ma=2592000,quic=\":443\"; ma=2592000; v=\"46,43\"","accept-ranges":"none","transfer-encoding":"chunked"}
[info] ✔  cloud.firestore: rules file firestore.rules compiled successfully 
[debug] [2020-11-29T09:51:48.055Z] > [functions] package.json contents: {
  "name": "functions",
  "scripts": {
    "lint": "eslint \"src/**/*\"",
    "build": "tsc",
    "serve": "npm run build && firebase emulators:start --only functions",
    "shell": "npm run build && firebase functions:shell",
    "start": "npm run shell",
    "deploy": "firebase deploy --only functions",
    "logs": "firebase functions:log"
  },
  "engines": {
    "node": "12"
  },
  "main": "lib/index.js",
  "dependencies": {
    "firebase-admin": "^9.2.0",
    "firebase-functions": "^3.11.0"
  },
  "devDependencies": {
    "@typescript-eslint/eslint-plugin": "^3.9.1",
    "@typescript-eslint/parser": "^3.8.0",
    "eslint": "^7.6.0",
    "eslint-plugin-import": "^2.22.0",
    "typescript": "^3.8.0",
    "firebase-functions-test": "^0.2.0"
  },
  "private": true
}
[info] i  functions: ensuring required API cloudfunctions.googleapis.com is enabled... 
[info] i  functions: ensuring required API cloudbuild.googleapis.com is enabled... 
[debug] [2020-11-29T09:51:49.015Z] >>> HTTP REQUEST GET https://serviceusage.googleapis.com/v1/projects/ionic-react-investment-4cd86/services/cloudfunctions.googleapis.com  
 
[debug] [2020-11-29T09:51:49.016Z] >>> HTTP REQUEST GET https://serviceusage.googleapis.com/v1/projects/ionic-react-investment-4cd86/services/runtimeconfig.googleapis.com  
 
[debug] [2020-11-29T09:51:49.016Z] >>> HTTP REQUEST GET https://serviceusage.googleapis.com/v1/projects/ionic-react-investment-4cd86/services/cloudbuild.googleapis.com  
 
[debug] [2020-11-29T09:51:49.973Z] <<< HTTP RESPONSE 200 {"content-type":"application/json; charset=UTF-8","vary":"X-Origin, Referer, Origin,Accept-Encoding","date":"Sun, 29 Nov 2020 09:51:49 GMT","server":"ESF","cache-control":"private","x-xss-protection":"0","x-frame-options":"SAMEORIGIN","x-content-type-options":"nosniff","alt-svc":"h3-29=\":443\"; ma=2592000,h3-T051=\":443\"; ma=2592000,h3-Q050=\":443\"; ma=2592000,h3-Q046=\":443\"; ma=2592000,h3-Q043=\":443\"; ma=2592000,quic=\":443\"; ma=2592000; v=\"46,43\"","accept-ranges":"none","transfer-encoding":"chunked"}
[debug] [2020-11-29T09:51:49.985Z] <<< HTTP RESPONSE 200 {"content-type":"application/json; charset=UTF-8","vary":"X-Origin, Referer, Origin,Accept-Encoding","date":"Sun, 29 Nov 2020 09:51:49 GMT","server":"ESF","cache-control":"private","x-xss-protection":"0","x-frame-options":"SAMEORIGIN","x-content-type-options":"nosniff","alt-svc":"h3-29=\":443\"; ma=2592000,h3-T051=\":443\"; ma=2592000,h3-Q050=\":443\"; ma=2592000,h3-Q046=\":443\"; ma=2592000,h3-Q043=\":443\"; ma=2592000,quic=\":443\"; ma=2592000; v=\"46,43\"","accept-ranges":"none","transfer-encoding":"chunked"}
[info] ✔  functions: required API cloudbuild.googleapis.com is enabled 
[debug] [2020-11-29T09:51:49.992Z] <<< HTTP RESPONSE 200 {"content-type":"application/json; charset=UTF-8","vary":"X-Origin, Referer, Origin,Accept-Encoding","date":"Sun, 29 Nov 2020 09:51:49 GMT","server":"ESF","cache-control":"private","x-xss-protection":"0","x-frame-options":"SAMEORIGIN","x-content-type-options":"nosniff","alt-svc":"h3-29=\":443\"; ma=2592000,h3-T051=\":443\"; ma=2592000,h3-Q050=\":443\"; ma=2592000,h3-Q046=\":443\"; ma=2592000,h3-Q043=\":443\"; ma=2592000,quic=\":443\"; ma=2592000; v=\"46,43\"","accept-ranges":"none","transfer-encoding":"chunked"}
[info] ✔  functions: required API cloudfunctions.googleapis.com is enabled 
[debug] [2020-11-29T09:51:49.993Z] >>> HTTP REQUEST GET https://firebase.googleapis.com/v1beta1/projects/ionic-react-investment-4cd86/adminSdkConfig  
 
[debug] [2020-11-29T09:51:50.483Z] <<< HTTP RESPONSE 200 {"content-type":"application/json; charset=UTF-8","vary":"X-Origin, Referer, Origin,Accept-Encoding","date":"Sun, 29 Nov 2020 09:51:50 GMT","server":"ESF","cache-control":"private","x-xss-protection":"0","x-frame-options":"SAMEORIGIN","x-content-type-options":"nosniff","alt-svc":"h3-29=\":443\"; ma=2592000,h3-T051=\":443\"; ma=2592000,h3-Q050=\":443\"; ma=2592000,h3-Q046=\":443\"; ma=2592000,h3-Q043=\":443\"; ma=2592000,quic=\":443\"; ma=2592000; v=\"46,43\"","accept-ranges":"none","transfer-encoding":"chunked"}
[debug] [2020-11-29T09:51:50.489Z] >>> HTTP REQUEST POST https://firebasehosting.googleapis.com/v1beta1/sites/ionic-react-investment-4cd86/versions  
 {"config":{"rewrites":[{"glob":"**","path":"/index.html"}]},"labels":{"deployment-tool":"cli-firebase"}}
[debug] [2020-11-29T09:51:52.122Z] <<< HTTP RESPONSE 200 {"content-type":"application/json; charset=UTF-8","vary":"X-Origin, Referer, Origin,Accept-Encoding","date":"Sun, 29 Nov 2020 09:51:51 GMT","server":"ESF","cache-control":"private","x-xss-protection":"0","x-frame-options":"SAMEORIGIN","x-content-type-options":"nosniff","alt-svc":"h3-29=\":443\"; ma=2592000,h3-T051=\":443\"; ma=2592000,h3-Q050=\":443\"; ma=2592000,h3-Q046=\":443\"; ma=2592000,h3-Q043=\":443\"; ma=2592000,quic=\":443\"; ma=2592000; v=\"46,43\"","accept-ranges":"none","transfer-encoding":"chunked"}
[debug] [2020-11-29T09:51:52.127Z] >>> HTTP REQUEST GET https://firebaserules.googleapis.com/v1/projects/ionic-react-investment-4cd86/releases?pageSize=10&pageToken=  
 
[debug] [2020-11-29T09:51:52.829Z] <<< HTTP RESPONSE 200 {"content-type":"application/json; charset=UTF-8","vary":"X-Origin, Referer, Origin,Accept-Encoding","date":"Sun, 29 Nov 2020 09:51:52 GMT","server":"ESF","cache-control":"private","x-xss-protection":"0","x-frame-options":"SAMEORIGIN","x-content-type-options":"nosniff","alt-svc":"h3-29=\":443\"; ma=2592000,h3-T051=\":443\"; ma=2592000,h3-Q050=\":443\"; ma=2592000,h3-Q046=\":443\"; ma=2592000,h3-Q043=\":443\"; ma=2592000,quic=\":443\"; ma=2592000; v=\"46,43\"","accept-ranges":"none","transfer-encoding":"chunked"}
[debug] [2020-11-29T09:51:52.834Z] >>> HTTP REQUEST GET https://firebaserules.googleapis.com/v1/projects/ionic-react-investment-4cd86/rulesets/38f48f72-98ee-44c4-93a3-20773eaa948e  
 
[debug] [2020-11-29T09:51:53.514Z] <<< HTTP RESPONSE 200 {"content-type":"application/json; charset=UTF-8","vary":"X-Origin, Referer, Origin,Accept-Encoding","date":"Sun, 29 Nov 2020 09:51:53 GMT","server":"ESF","cache-control":"private","x-xss-protection":"0","x-frame-options":"SAMEORIGIN","x-content-type-options":"nosniff","alt-svc":"h3-29=\":443\"; ma=2592000,h3-T051=\":443\"; ma=2592000,h3-Q050=\":443\"; ma=2592000,h3-Q046=\":443\"; ma=2592000,h3-Q043=\":443\"; ma=2592000,quic=\":443\"; ma=2592000; v=\"46,43\"","accept-ranges":"none","transfer-encoding":"chunked"}
[info] i  storage: latest version of storage.rules already up to date, skipping upload... 
[debug] [2020-11-29T09:51:53.522Z] >>> HTTP REQUEST GET https://firebaserules.googleapis.com/v1/projects/ionic-react-investment-4cd86/releases?pageSize=10&pageToken=  
 
[debug] [2020-11-29T09:51:53.522Z] >>> HTTP REQUEST GET https://firestore.googleapis.com/v1/projects/ionic-react-investment-4cd86/databases/(default)/collectionGroups/-/indexes  
 
[debug] [2020-11-29T09:51:53.758Z] <<< HTTP RESPONSE 200 {"content-type":"application/json; charset=UTF-8","vary":"X-Origin, Referer, Origin,Accept-Encoding","date":"Sun, 29 Nov 2020 09:51:53 GMT","server":"ESF","cache-control":"private","x-xss-protection":"0","x-frame-options":"SAMEORIGIN","x-content-type-options":"nosniff","alt-svc":"h3-29=\":443\"; ma=2592000,h3-T051=\":443\"; ma=2592000,h3-Q050=\":443\"; ma=2592000,h3-Q046=\":443\"; ma=2592000,h3-Q043=\":443\"; ma=2592000,quic=\":443\"; ma=2592000; v=\"46,43\"","accept-ranges":"none","transfer-encoding":"chunked"}
[debug] [2020-11-29T09:51:53.760Z] >>> HTTP REQUEST GET https://firestore.googleapis.com/v1/projects/ionic-react-investment-4cd86/databases/(default)/collectionGroups/-/fields?filter=indexConfig.usesAncestorConfig=false  
 
[debug] [2020-11-29T09:51:53.767Z] <<< HTTP RESPONSE 200 {"content-type":"application/json; charset=UTF-8","vary":"X-Origin, Referer, Origin,Accept-Encoding","date":"Sun, 29 Nov 2020 09:51:53 GMT","server":"ESF","cache-control":"private","x-xss-protection":"0","x-frame-options":"SAMEORIGIN","x-content-type-options":"nosniff","alt-svc":"h3-29=\":443\"; ma=2592000,h3-T051=\":443\"; ma=2592000,h3-Q050=\":443\"; ma=2592000,h3-Q046=\":443\"; ma=2592000,h3-Q043=\":443\"; ma=2592000,quic=\":443\"; ma=2592000; v=\"46,43\"","accept-ranges":"none","transfer-encoding":"chunked"}
[debug] [2020-11-29T09:51:53.768Z] >>> HTTP REQUEST GET https://firebaserules.googleapis.com/v1/projects/ionic-react-investment-4cd86/rulesets/836b8159-e0a5-4abe-9ef8-dd018ff8dfa9  
 
[debug] [2020-11-29T09:51:53.977Z] <<< HTTP RESPONSE 200 {"content-type":"application/json; charset=UTF-8","vary":"X-Origin, Referer, Origin,Accept-Encoding","date":"Sun, 29 Nov 2020 09:51:53 GMT","server":"ESF","cache-control":"private","x-xss-protection":"0","x-frame-options":"SAMEORIGIN","x-content-type-options":"nosniff","alt-svc":"h3-29=\":443\"; ma=2592000,h3-T051=\":443\"; ma=2592000,h3-Q050=\":443\"; ma=2592000,h3-Q046=\":443\"; ma=2592000,h3-Q043=\":443\"; ma=2592000,quic=\":443\"; ma=2592000; v=\"46,43\"","accept-ranges":"none","transfer-encoding":"chunked"}
[debug] [2020-11-29T09:51:53.978Z] Skipping existing index: {"collectionGroup":"Apartments","queryScope":"COLLECTION","fields":[{"fieldPath":"userId","order":"ASCENDING"},{"fieldPath":"addDate","order":"ASCENDING"}]}
[info] ✔  firestore: deployed indexes in firestore.indexes.json successfully 
[debug] [2020-11-29T09:51:54.578Z] <<< HTTP RESPONSE 200 {"content-type":"application/json; charset=UTF-8","vary":"X-Origin, Referer, Origin,Accept-Encoding","date":"Sun, 29 Nov 2020 09:51:54 GMT","server":"ESF","cache-control":"private","x-xss-protection":"0","x-frame-options":"SAMEORIGIN","x-content-type-options":"nosniff","alt-svc":"h3-29=\":443\"; ma=2592000,h3-T051=\":443\"; ma=2592000,h3-Q050=\":443\"; ma=2592000,h3-Q046=\":443\"; ma=2592000,h3-Q043=\":443\"; ma=2592000,quic=\":443\"; ma=2592000; v=\"46,43\"","accept-ranges":"none","transfer-encoding":"chunked"}
[info] i  firestore: latest version of firestore.rules already up to date, skipping upload... 
[info] i  functions: preparing functions directory for uploading... 
[debug] [2020-11-29T09:51:54.580Z] >>> HTTP REQUEST GET https://runtimeconfig.googleapis.com/v1beta1/projects/ionic-react-investment-4cd86/configs  
 
[debug] [2020-11-29T09:51:55.398Z] <<< HTTP RESPONSE 200 {"content-type":"application/json; charset=UTF-8","vary":"X-Origin, Referer, Origin,Accept-Encoding","date":"Sun, 29 Nov 2020 09:51:55 GMT","server":"ESF","cache-control":"private","x-xss-protection":"0","x-frame-options":"SAMEORIGIN","x-content-type-options":"nosniff","alt-svc":"h3-29=\":443\"; ma=2592000,h3-T051=\":443\"; ma=2592000,h3-Q050=\":443\"; ma=2592000,h3-Q046=\":443\"; ma=2592000,h3-Q043=\":443\"; ma=2592000,quic=\":443\"; ma=2592000; v=\"46,43\"","accept-ranges":"none","transfer-encoding":"chunked"}
[info] i  functions: packaged functions (45.21 KB) for uploading 
[debug] [2020-11-29T09:51:55.506Z] >>> HTTP REQUEST GET https://cloudfunctions.googleapis.com/v1/projects/ionic-react-investment-4cd86/locations/-/functions  
 
[debug] [2020-11-29T09:51:56.116Z] <<< HTTP RESPONSE 200 {"content-type":"application/json; charset=UTF-8","vary":"X-Origin, Referer, Origin,Accept-Encoding","date":"Sun, 29 Nov 2020 09:51:56 GMT","server":"ESF","cache-control":"private","x-xss-protection":"0","x-frame-options":"SAMEORIGIN","x-content-type-options":"nosniff","alt-svc":"h3-29=\":443\"; ma=2592000,h3-T051=\":443\"; ma=2592000,h3-Q050=\":443\"; ma=2592000,h3-Q046=\":443\"; ma=2592000,h3-Q043=\":443\"; ma=2592000,quic=\":443\"; ma=2592000; v=\"46,43\"","accept-ranges":"none","transfer-encoding":"chunked"}
[debug] [2020-11-29T09:51:56.117Z] >>> HTTP REQUEST POST https://cloudfunctions.googleapis.com/v1/projects/ionic-react-investment-4cd86/locations/us-central1/functions:generateUploadUrl  
 
[debug] [2020-11-29T09:51:57.242Z] <<< HTTP RESPONSE 200 {"content-type":"application/json; charset=UTF-8","vary":"X-Origin, Referer, Origin,Accept-Encoding","date":"Sun, 29 Nov 2020 09:51:57 GMT","server":"ESF","cache-control":"private","x-xss-protection":"0","x-frame-options":"SAMEORIGIN","x-content-type-options":"nosniff","alt-svc":"h3-29=\":443\"; ma=2592000,h3-T051=\":443\"; ma=2592000,h3-Q050=\":443\"; ma=2592000,h3-Q046=\":443\"; ma=2592000,h3-Q043=\":443\"; ma=2592000,quic=\":443\"; ma=2592000; v=\"46,43\"","accept-ranges":"none","transfer-encoding":"chunked"}
[debug] [2020-11-29T09:51:57.242Z] >>> HTTP REQUEST PUT https://storage.googleapis.com/gcf-upload-us-central1-d3c8750b-f299-4f7e-9346-bd2c6317756e/f39ed0e8-56cf-41f9-8fa1-834c4348b772.zip?GoogleAccessId=service-786359338699@gcf-admin-robot.iam.gserviceaccount.com&Expires=1606645316&Signature=QXdzEG7VAOtRp%2Fe5BYWsR%2BNNdaMeOGjDjsYsQE%2B6Imf0Kdjpd8e1q%2FfXOH8UW1HUKXjVyQ%2BxiEpFmFyQBjOB8X3EPaToqkYmoJm3rAAMmMzMfn3LOpGCi%2Fb4GwiS%2BEGXKMCwqlckPOTRxVzwpAPflTCpVLaA58grh11qozadmrkzu7ILUZ8Ma9nXbIWBHYe%2BVdbvB%2BIkI%2BHBPZ1Vm2prvR0%2B7Jbtw1yuqtrCSqC6q4T%2Bp%2ByxVfEAKY4nQmywVIX%2FPYp1Akj%2BGmlXDujY3Lxqet%2BYMVqKc5%2Bg7hLQ4ZCmtrEXvk73cCTKxsiy7fvBCkdPm%2FM5D%2BUnHJ8000pCWAfqeA%3D%3D  
 <request body omitted>
[debug] [2020-11-29T09:51:57.497Z] <<< HTTP RESPONSE 200 {"x-guploader-uploadid":"ABg5-UxXRSmaeEnetTCpFlfoTfKODize2RkcEBcZ6o0S3SbtSGVnrTmo8KGAehsYhg1kJQNMk-uhXvVJxDliuWEQN5blw89zXw","etag":"\"fcc7614ed7d783bc10522f4bf0e44927\"","x-goog-generation":"1606643517425111","x-goog-metageneration":"1","x-goog-hash":"crc32c=zXWFXw==, md5=/MdhTtfXg7wQUi9L8ORJJw==","x-goog-stored-content-length":"46299","x-goog-stored-content-encoding":"identity","vary":"Origin","content-length":"0","date":"Sun, 29 Nov 2020 09:51:57 GMT","server":"UploadServer","content-type":"text/html; charset=UTF-8","alt-svc":"h3-29=\":443\"; ma=2592000,h3-T051=\":443\"; ma=2592000,h3-Q050=\":443\"; ma=2592000,h3-Q046=\":443\"; ma=2592000,h3-Q043=\":443\"; ma=2592000,quic=\":443\"; ma=2592000; v=\"46,43\""}
[info] ✔  functions: functions folder uploaded successfully 
[info] i  hosting[ionic-react-investment-4cd86]: beginning deploy... 
[info] i  hosting[ionic-react-investment-4cd86]: found 163 files in build 
[debug] [2020-11-29T09:51:58.120Z] [hosting] hash cache [YnVpbGQ] stored for 163 files
[debug] [2020-11-29T09:51:58.120Z] [hosting][hash queue][FINAL] {"max":539,"min":14,"avg":31.7239263803681,"active":0,"complete":163,"success":163,"errored":0,"retried":0,"total":163,"elapsed":600}
[debug] [2020-11-29T09:51:58.121Z] >>> HTTP REQUEST POST https://firebasehosting.googleapis.com/v1beta1/sites/ionic-react-investment-4cd86/versions/81e8143ccb4b8235:populateFiles  
 <request body omitted>
[debug] [2020-11-29T09:51:59.495Z] <<< HTTP RESPONSE 200 {"content-type":"application/json; charset=UTF-8","vary":"X-Origin, Referer, Origin,Accept-Encoding","date":"Sun, 29 Nov 2020 09:51:59 GMT","server":"ESF","cache-control":"private","x-xss-protection":"0","x-frame-options":"SAMEORIGIN","x-content-type-options":"nosniff","alt-svc":"h3-29=\":443\"; ma=2592000,h3-T051=\":443\"; ma=2592000,h3-Q050=\":443\"; ma=2592000,h3-Q046=\":443\"; ma=2592000,h3-Q043=\":443\"; ma=2592000,quic=\":443\"; ma=2592000; v=\"46,43\"","accept-ranges":"none","transfer-encoding":"chunked"}
[debug] [2020-11-29T09:51:59.516Z] [hosting][populate queue][FINAL] {"max":1378,"min":1378,"avg":1378,"active":0,"complete":1,"success":1,"errored":0,"retried":0,"total":1,"elapsed":1397}
[debug] [2020-11-29T09:51:59.516Z] [hosting] uploads queued: 12
